C51 COMPILER V9.54   MAIN                                                                  03/08/2026 21:04:00 PAGE 1   


C51 COMPILER V9.54, COMPILATION OF MODULE MAIN
OBJECT MODULE PLACED IN .\Objects\main.obj
COMPILER INVOKED BY: D:\keil5\C51\BIN\C51.EXE main.c OPTIMIZE(8,SPEED) BROWSE DEBUG OBJECTEXTEND PRINT(.\Listings\main.l
                    -st) OBJECT(.\Objects\main.obj)

line level    source

   1          /*#include <REGX52.H>
   2          void main()
   3          {
   4                          P2_4=1;
   5                          P2_3=0;
   6                          P2_2=0;
   7                          P0=0x7D;
   8                  
   9          }*/
  10          
  11          #include <REGX52.H>
  12          unsigned Nixietable[]={0x3F,0x06,0x5B,0x4F,0x66,0x6D,0x7D,0x07,0x7F,0x6F};
  13          void Nixie (unsigned int location,num)
  14          {
  15   1              switch(location)
  16   1              {
  17   2                      case 1:P2_4=1;P2_3=1;P2_2=1;break;
  18   2                      case 2:P2_4=1;P2_3=1;P2_2=0;break;
  19   2                      case 3:P2_4=1;P2_3=0;P2_2=1;break;
  20   2                      case 4:P2_4=1;P2_3=0;P2_2=0;break;
  21   2                      case 5:P2_4=0;P2_3=1;P2_2=1;break;
  22   2                      case 6:P2_4=0;P2_3=1;P2_2=0;break;
  23   2                      case 7:P2_4=0;P2_3=0;P2_2=1;break;
  24   2                      case 8:P2_4=0;P2_3=0;P2_2=0;break;
  25   2                      default:break;
  26   2                              
  27   2              }
  28   1              P2=Nixietable[num];
  29   1      }
  30          void main()
  31          {
  32   1              Nixie (7,2);
  33   1      }
  34          
  35          
  36          


MODULE INFORMATION:   STATIC OVERLAYABLE
   CODE SIZE        =    116    ----
   CONSTANT SIZE    =   ----    ----
   XDATA SIZE       =   ----    ----
   PDATA SIZE       =   ----    ----
   DATA SIZE        =     20    ----
   IDATA SIZE       =   ----    ----
   BIT SIZE         =   ----    ----
END OF MODULE INFORMATION.


C51 COMPILATION COMPLETE.  0 WARNING(S),  0 ERROR(S)
