C51 COMPILER V9.54   MAIN                                                                  03/07/2026 20:55:53 PAGE 1   


C51 COMPILER V9.54, COMPILATION OF MODULE MAIN
OBJECT MODULE PLACED IN .\Objects\main.obj
COMPILER INVOKED BY: D:\keil5\C51\BIN\C51.EXE main.c OPTIMIZE(8,SPEED) BROWSE DEBUG OBJECTEXTEND PRINT(.\Listings\main.l
                    -st) OBJECT(.\Objects\main.obj)

line level    source

   1          #include <REGX52.H>
   2          void Delay(unsigned int xms)            //@12.000MHz
   3          {
   4   1              unsigned char i, j;
   5   1              while(xms)
   6   1              {
   7   2              
   8   2              i = 12;
   9   2              j = 169;
  10   2              do
  11   2              {
  12   3                      while (--j);
  13   3              } while (--i);
  14   2          }
  15   1              xms--;
  16   1      }
  17          void main()
  18          {
  19   1              while(1)
  20   1              {
  21   2                      if(P3_1==0)
  22   2                      {
  23   3                              
  24   3                              Delay(20);
  25   3                              
  26   3                                      Delay(20);
  27   3                      
  28   3                              P2_0=0;
  29   3                      }
  30   2                              
  31   2                      
  32   2                      
  33   2              }
  34   1              
  35   1      }


MODULE INFORMATION:   STATIC OVERLAYABLE
   CODE SIZE        =     37    ----
   CONSTANT SIZE    =   ----    ----
   XDATA SIZE       =   ----    ----
   PDATA SIZE       =   ----    ----
   DATA SIZE        =   ----    ----
   IDATA SIZE       =   ----    ----
   BIT SIZE         =   ----    ----
END OF MODULE INFORMATION.


C51 COMPILATION COMPLETE.  0 WARNING(S),  0 ERROR(S)
