C51 COMPILER V9.54   MAIN                                                                  03/06/2026 17:01:27 PAGE 1   


C51 COMPILER V9.54, COMPILATION OF MODULE MAIN
OBJECT MODULE PLACED IN .\Objects\main.obj
COMPILER INVOKED BY: D:\keil5\C51\BIN\C51.EXE main.c OPTIMIZE(8,SPEED) BROWSE DEBUG OBJECTEXTEND PRINT(.\Listings\main.l
                    -st) TABS(2) OBJECT(.\Objects\main.obj)

line level    source

   1          #include <REGX52.H>
   2          #include <INTRINS.H>
   3          
   4            
   5            void Delay1ms(unsigned int xms)   //@11.0592MHz
   6          {
   7   1        unsigned char i, j;
   8   1        while(xms)
   9   1        {
  10   2        i = 11;
  11   2        j = 190;
  12   2        
  13   2        do
  14   2        {
  15   3          while (--j);
  16   3        } while (--i);
  17   2        xms--;
  18   2      }
  19   1      }
  20          void main()
  21          {
  22   1        while(1)
  23   1        {
  24   2        P2=0xFE;
  25   2        Delay1ms(100);
  26   2        P2=0xFD;
  27   2        Delay1ms(100);
  28   2        P2=0xFB;
  29   2        Delay1ms(100);
  30   2        P2=0xF7;
  31   2        Delay1ms(100);
  32   2        P2=0xEF;
  33   2        Delay1ms(100);
  34   2        P2=0xDF;
  35   2        Delay1ms(100);
  36   2        P2=0xBF;
  37   2        Delay1ms(100);
  38   2        P2=0x7F;
  39   2        Delay1ms(100);
  40   2        }
  41   1      }


MODULE INFORMATION:   STATIC OVERLAYABLE
   CODE SIZE        =     74    ----
   CONSTANT SIZE    =   ----    ----
   XDATA SIZE       =   ----    ----
   PDATA SIZE       =   ----    ----
   DATA SIZE        =   ----    ----
   IDATA SIZE       =   ----    ----
   BIT SIZE         =   ----    ----
END OF MODULE INFORMATION.


C51 COMPILATION COMPLETE.  0 WARNING(S),  0 ERROR(S)
