C51 COMPILER V9.54   MAIN                                                                  03/09/2026 10:51:00 PAGE 1   


C51 COMPILER V9.54, COMPILATION OF MODULE MAIN
OBJECT MODULE PLACED IN .\Objects\main.obj
COMPILER INVOKED BY: D:\keil5\C51\BIN\C51.EXE main.c OPTIMIZE(8,SPEED) BROWSE DEBUG OBJECTEXTEND PRINT(.\Listings\main.l
                    -st) OBJECT(.\Objects\main.obj)

line level    source

   1          #include <REGX52.H>
   2          void Delay(unsigned int xms)            //@12.000MHz
   3          {
   4   1              unsigned char i, j;
   5   1      while(xms--)
   6   1      {
   7   2      i = 12;
   8   2              j = 169;
   9   2              do
  10   2              {
  11   3                      while (--j);
  12   3              } while (--i);
  13   2      }
  14   1              
  15   1      }
  16          
  17          unsigned Nixietable[]={0x3F,0x06,0x5B,0x4F,0x66,0x6D,0x7D,0x07,0x7F,0x6F};
  18          void Nixie (unsigned int location,num)
  19          {
  20   1              switch(location)
  21   1              {
  22   2                      case 1:P2_4=1;P2_3=1;P2_2=1;break;
  23   2                      case 2:P2_4=1;P2_3=1;P2_2=0;break;
  24   2                      case 3:P2_4=1;P2_3=0;P2_2=1;break;
  25   2                      case 4:P2_4=1;P2_3=0;P2_2=0;break;
  26   2                      case 5:P2_4=0;P2_3=1;P2_2=1;break;
  27   2                      case 6:P2_4=0;P2_3=1;P2_2=0;break;
  28   2                      case 7:P2_4=0;P2_3=0;P2_2=1;break;
  29   2                      case 8:P2_4=0;P2_3=0;P2_2=0;break;
  30   2                      default:break;
  31   2                              
  32   2              }
  33   1              P0=Nixietable[num];
  34   1              Delay(1);
  35   1              P0=0x00;
  36   1      }
  37          void main()
  38          {
  39   1              while(1)
  40   1              {
  41   2              Nixie (1,1);
  42   2              Delay(1);
  43   2              Nixie (2,2);
  44   2              Delay(1);
  45   2              Nixie (3,3);
  46   2              Delay(1);
  47   2              }
  48   1      }


MODULE INFORMATION:   STATIC OVERLAYABLE
   CODE SIZE        =    168    ----
   CONSTANT SIZE    =   ----    ----
   XDATA SIZE       =   ----    ----
C51 COMPILER V9.54   MAIN                                                                  03/09/2026 10:51:00 PAGE 2   

   PDATA SIZE       =   ----    ----
   DATA SIZE        =     20    ----
   IDATA SIZE       =   ----    ----
   BIT SIZE         =   ----    ----
END OF MODULE INFORMATION.


C51 COMPILATION COMPLETE.  0 WARNING(S),  0 ERROR(S)
