C51 COMPILER V9.54   MAIN                                                                  03/07/2026 21:55:41 PAGE 1   


C51 COMPILER V9.54, COMPILATION OF MODULE MAIN
OBJECT MODULE PLACED IN .\Objects\main.obj
COMPILER INVOKED BY: D:\keil5\C51\BIN\C51.EXE main.c OPTIMIZE(8,SPEED) BROWSE DEBUG OBJECTEXTEND PRINT(.\Listings\main.l
                    -st) OBJECT(.\Objects\main.obj)

line level    source

   1          #include <REGX52.H>
   2          
   3          void Delay(unsigned int xms)    //@12.000MHz
   4          {
   5   1          unsigned char i, j;
   6   1          while(xms--)
   7   1          {
   8   2              i = 2;
   9   2              j = 239;
  10   2              do
  11   2              {
  12   3                  while (--j);
  13   3              } while (--i);
  14   2          }
  15   1      }
  16          
  17          void main()
  18          {
  19   1          unsigned char LEDNUM = 0;
  20   1          P2 = ~LEDNUM; // ???,???LED??(???????)
  21   1          
  22   1          while(1)
  23   1          {
  24   2              if(P3_1 == 0)
  25   2              {
  26   3                  Delay(20);
  27   3                  while(P3_1 == 0); // ??????
  28   3                  Delay(20);
  29   3                  
  30   3                  LEDNUM++;
  31   3                  if(LEDNUM > 0xFF)  // ??8???????
  32   3                      LEDNUM = 0;
  33   3                  P2 = ~LEDNUM;
  34   3              }
  35   2          }
  36   1      }


MODULE INFORMATION:   STATIC OVERLAYABLE
   CODE SIZE        =     61    ----
   CONSTANT SIZE    =   ----    ----
   XDATA SIZE       =   ----    ----
   PDATA SIZE       =   ----    ----
   DATA SIZE        =   ----    ----
   IDATA SIZE       =   ----    ----
   BIT SIZE         =   ----    ----
END OF MODULE INFORMATION.


C51 COMPILATION COMPLETE.  0 WARNING(S),  0 ERROR(S)
